0 info it worked if it ends with ok
1 verbose cli [ '/Users/iobg/.nvm/versions/node/v6.6.0/bin/node',
1 verbose cli   '/Users/iobg/.nvm/versions/node/v6.6.0/bin/npm',
1 verbose cli   'run',
1 verbose cli   'record' ]
2 info using npm@3.10.3
3 info using node@v6.6.0
4 verbose run-script [ 'prerecord', 'record', 'postrecord' ]
5 info lifecycle vnc@1.0.0~prerecord: vnc@1.0.0
6 silly lifecycle vnc@1.0.0~prerecord: no script for prerecord, continuing
7 info lifecycle vnc@1.0.0~record: vnc@1.0.0
8 verbose lifecycle vnc@1.0.0~record: unsafe-perm in lifecycle true
9 verbose lifecycle vnc@1.0.0~record: PATH: /Users/iobg/.nvm/versions/node/v6.6.0/lib/node_modules/npm/bin/node-gyp-bin:/Users/iobg/workspace/node/vnc/node_modules/.bin:/Users/iobg/.nvm/versions/node/v6.6.0/bin:/Users/iobg/.yarn/bin:/Users/iobg/.nvm/versions/node/v6.6.0/bin:/usr/local/bin:/usr/bin:/bin:/usr/sbin:/sbin:/usr/local/go/bin
10 verbose lifecycle vnc@1.0.0~record: CWD: /Users/iobg/workspace/node/vnc
11 silly lifecycle vnc@1.0.0~record: Args: [ '-c',
11 silly lifecycle   'ffmpeg -r 30 -f avfoundation -i 1 -f mpeg1video -b 800k http://127.0.0.1:8082/password/2560/1600' ]
12 silly lifecycle vnc@1.0.0~record: Returned: code: 1  signal: null
13 info lifecycle vnc@1.0.0~record: Failed to exec record script
14 verbose stack Error: vnc@1.0.0 record: `ffmpeg -r 30 -f avfoundation -i 1 -f mpeg1video -b 800k http://127.0.0.1:8082/password/2560/1600`
14 verbose stack Exit status 1
14 verbose stack     at EventEmitter.<anonymous> (/Users/iobg/.nvm/versions/node/v6.6.0/lib/node_modules/npm/lib/utils/lifecycle.js:242:16)
14 verbose stack     at emitTwo (events.js:106:13)
14 verbose stack     at EventEmitter.emit (events.js:191:7)
14 verbose stack     at ChildProcess.<anonymous> (/Users/iobg/.nvm/versions/node/v6.6.0/lib/node_modules/npm/lib/utils/spawn.js:40:14)
14 verbose stack     at emitTwo (events.js:106:13)
14 verbose stack     at ChildProcess.emit (events.js:191:7)
14 verbose stack     at maybeClose (internal/child_process.js:877:16)
14 verbose stack     at Process.ChildProcess._handle.onexit (internal/child_process.js:226:5)
15 verbose pkgid vnc@1.0.0
16 verbose cwd /Users/iobg/workspace/node/vnc
17 error Darwin 16.0.0
18 error argv "/Users/iobg/.nvm/versions/node/v6.6.0/bin/node" "/Users/iobg/.nvm/versions/node/v6.6.0/bin/npm" "run" "record"
19 error node v6.6.0
20 error npm  v3.10.3
21 error code ELIFECYCLE
22 error vnc@1.0.0 record: `ffmpeg -r 30 -f avfoundation -i 1 -f mpeg1video -b 800k http://127.0.0.1:8082/password/2560/1600`
22 error Exit status 1
23 error Failed at the vnc@1.0.0 record script 'ffmpeg -r 30 -f avfoundation -i 1 -f mpeg1video -b 800k http://127.0.0.1:8082/password/2560/1600'.
23 error Make sure you have the latest version of node.js and npm installed.
23 error If you do, this is most likely a problem with the vnc package,
23 error not with npm itself.
23 error Tell the author that this fails on your system:
23 error     ffmpeg -r 30 -f avfoundation -i 1 -f mpeg1video -b 800k http://127.0.0.1:8082/password/2560/1600
23 error You can get information on how to open an issue for this project with:
23 error     npm bugs vnc
23 error Or if that isn't available, you can get their info via:
23 error     npm owner ls vnc
23 error There is likely additional logging output above.
24 verbose exit [ 1, true ]
